2026-01-08 16:25:52,348 ERROR - Failed to connect to database: (2003, "Can't connect to MySQL server on '210.105.85.3' (timed out)")
2026-01-08 16:25:52,350 INFO - sql_str=SELECT DISTINCT groupname FROM tb_anal_state WHERE groupname IS NOT NULL ORDER BY groupname
2026-01-08 16:25:52,351 ERROR - 'NoneType' object has no attribute 'cursor'
2026-01-08 16:25:52,543 INFO - mysql) host=smartpole-is.iptime.org db_name=polediagdb port=33306
2026-01-08 16:25:52,544 INFO - sql_str=SELECT DISTINCT groupname FROM tb_anal_state WHERE groupname IS NOT NULL ORDER BY groupname
2026-01-08 16:25:52,569 INFO - sql_str=select * from tb_pole where groupname=%s; data=['강릉지사-2506']
2026-01-08 16:25:52,763 INFO - sql_str=select * from tb_pole where groupname=%s; data=['강서양천지사-2504']
2026-01-08 16:25:52,996 INFO - sql_str=select * from tb_pole where groupname=%s; data=['강원본부직할-2512']
2026-01-08 16:25:53,188 INFO - sql_str=select * from tb_pole where groupname=%s; data=['강원정선-202406']
2026-01-08 16:25:53,218 INFO - sql_str=select * from tb_pole where groupname=%s; data=['거제지사-2511']
2026-01-08 16:25:53,415 INFO - sql_str=select * from tb_pole where groupname=%s; data=['거창지사-2511']
2026-01-08 16:25:53,713 INFO - sql_str=select * from tb_pole where groupname=%s; data=['경기광명-202408']
2026-01-08 16:25:53,850 INFO - sql_str=select * from tb_pole where groupname=%s; data=['경기서수원-202408']
2026-01-08 16:25:53,881 INFO - sql_str=select * from tb_pole where groupname=%s; data=['경기서용인-202408']
2026-01-08 16:25:53,913 INFO - sql_str=select * from tb_pole where groupname=%s; data=['경기성남-202408']
2026-01-08 16:25:53,943 INFO - sql_str=select * from tb_pole where groupname=%s; data=['경기안산-202408']
2026-01-08 16:25:54,046 INFO - sql_str=select * from tb_pole where groupname=%s; data=['경기안양군포의왕-202408']
2026-01-08 16:25:54,091 INFO - sql_str=select * from tb_pole where groupname=%s; data=['경기직할-202408']
2026-01-08 16:25:54,122 INFO - sql_str=select * from tb_pole where groupname=%s; data=['경산지사-2511']
2026-01-08 16:25:54,337 INFO - sql_str=select * from tb_pole where groupname=%s; data=['경주지사-2511']
2026-01-08 16:25:54,568 INFO - sql_str=select * from tb_pole where groupname=%s; data=['고령지사-2511']
2026-01-08 16:25:54,816 INFO - sql_str=select * from tb_pole where groupname=%s; data=['고성지사-2511']
2026-01-08 16:25:54,988 INFO - sql_str=select * from tb_pole where groupname=%s; data=['고창지사-2507']
2026-01-08 16:25:55,287 INFO - sql_str=select * from tb_pole where groupname=%s; data=['광주전남강진-202409']
2026-01-08 16:25:55,417 INFO - sql_str=select * from tb_pole where groupname=%s; data=['광주전남고흥-202409']
2026-01-08 16:25:55,618 INFO - sql_str=select * from tb_pole where groupname=%s; data=['광주전남곡성-202409']
2026-01-08 16:25:55,809 INFO - sql_str=select * from tb_pole where groupname=%s; data=['광주전남광양-202409']
2026-01-08 16:25:56,005 INFO - sql_str=select * from tb_pole where groupname=%s; data=['광주전남구례-202409']
2026-01-08 16:25:56,187 INFO - sql_str=select * from tb_pole where groupname=%s; data=['광주전남보성-202409']
2026-01-08 16:25:56,486 INFO - sql_str=select * from tb_pole where groupname=%s; data=['광주전남서광주-202409']
2026-01-08 16:25:56,857 INFO - sql_str=select * from tb_pole where groupname=%s; data=['광주전남순천-202409']
2026-01-08 16:25:57,061 INFO - sql_str=select * from tb_pole where groupname=%s; data=['광주전남여수-202409']
2026-01-08 16:25:57,236 INFO - sql_str=select * from tb_pole where groupname=%s; data=['광주전남영암-202409']
2026-01-08 16:25:57,526 INFO - sql_str=select * from tb_pole where groupname=%s; data=['광주전남완도-202409']
2026-01-08 16:25:57,715 INFO - sql_str=select * from tb_pole where groupname=%s; data=['광주전남장흥-202409']
2026-01-08 16:25:57,923 INFO - sql_str=select * from tb_pole where groupname=%s; data=['광주전남직할-202409']
2026-01-08 16:25:58,111 INFO - sql_str=select * from tb_pole where groupname=%s; data=['광주전남진도-202409']
2026-01-08 16:25:58,432 INFO - sql_str=select * from tb_pole where groupname=%s; data=['광주전남해남-202409']
2026-01-08 16:25:58,614 INFO - sql_str=select * from tb_pole where groupname=%s; data=['광주전남화순-202409']
2026-01-08 16:25:58,764 INFO - sql_str=select * from tb_pole where groupname=%s; data=['구리지사-2506']
2026-01-08 16:25:58,958 INFO - sql_str=select * from tb_pole where groupname=%s; data=['군산지사-2507']
2026-01-08 16:25:59,104 INFO - sql_str=select * from tb_pole where groupname=%s; data=['김천지사-2511']
2026-01-08 16:25:59,288 INFO - sql_str=select * from tb_pole where groupname=%s; data=['남대구지사-2511']
2026-01-08 16:25:59,479 INFO - sql_str=select * from tb_pole where groupname=%s; data=['남인천-2504']
2026-01-08 16:25:59,614 INFO - sql_str=select * from tb_pole where groupname=%s; data=['남해3권역-2505']
2026-01-08 16:25:59,811 INFO - sql_str=select * from tb_pole where groupname=%s; data=['남해지사-2511']
2026-01-08 16:26:00,003 INFO - sql_str=select * from tb_pole where groupname=%s; data=['노원도봉-2503']
2026-01-08 16:26:00,183 INFO - sql_str=select * from tb_pole where groupname=%s; data=['논산지사-2505']
2026-01-08 16:26:00,338 INFO - sql_str=select * from tb_pole where groupname=%s; data=['논산지사2-2505']
2026-01-08 16:26:00,528 INFO - sql_str=select * from tb_pole where groupname=%s; data=['단양지사-2512']
2026-01-08 16:26:00,724 INFO - sql_str=select * from tb_pole where groupname=%s; data=['당진지사-2504']
2026-01-08 16:26:00,863 INFO - sql_str=select * from tb_pole where groupname=%s; data=['당진지사2-2505']
2026-01-08 16:26:01,053 INFO - sql_str=select * from tb_pole where groupname=%s; data=['대구경주-202410']
2026-01-08 16:26:01,205 INFO - sql_str=select * from tb_pole where groupname=%s; data=['대구김천-202410']
2026-01-08 16:26:01,383 INFO - sql_str=select * from tb_pole where groupname=%s; data=['대구남대구-202410']
2026-01-08 16:26:01,443 INFO - sql_str=select * from tb_pole where groupname=%s; data=['대구본부경산-202407']
2026-01-08 16:26:01,475 INFO - sql_str=select * from tb_pole where groupname=%s; data=['대구본부경주-202407']
2026-01-08 16:26:01,580 INFO - sql_str=select * from tb_pole where groupname=%s; data=['대구본부고령-202407']
2026-01-08 16:26:01,615 INFO - sql_str=select * from tb_pole where groupname=%s; data=['대구본부김천-202407']
2026-01-08 16:26:01,647 INFO - sql_str=select * from tb_pole where groupname=%s; data=['대구본부남대구-202407']
2026-01-08 16:26:01,678 INFO - sql_str=select * from tb_pole where groupname=%s; data=['대구본부북포항-202407']
2026-01-08 16:26:01,709 INFO - sql_str=select * from tb_pole where groupname=%s; data=['대구본부서대구-202407']
2026-01-08 16:26:01,737 INFO - sql_str=select * from tb_pole where groupname=%s; data=['대구본부성주-202407']
2026-01-08 16:26:01,769 INFO - sql_str=select * from tb_pole where groupname=%s; data=['대구본부영덕-202407']
2026-01-08 16:26:01,798 INFO - sql_str=select * from tb_pole where groupname=%s; data=['대구본부영천-202407']
2026-01-08 16:26:01,912 INFO - sql_str=select * from tb_pole where groupname=%s; data=['대구본부직할-202407']
2026-01-08 16:26:01,947 INFO - sql_str=select * from tb_pole where groupname=%s; data=['대구본부직할-2511']
2026-01-08 16:26:02,119 INFO - sql_str=select * from tb_pole where groupname=%s; data=['대구본부청도-202407']
2026-01-08 16:26:02,150 INFO - sql_str=select * from tb_pole where groupname=%s; data=['대구본부칠곡-202407']
2026-01-08 16:26:02,181 INFO - sql_str=select * from tb_pole where groupname=%s; data=['대구본부포항-202407']
2026-01-08 16:26:02,211 INFO - sql_str=select * from tb_pole where groupname=%s; data=['대구북포항-202410']
2026-01-08 16:26:02,435 INFO - sql_str=select * from tb_pole where groupname=%s; data=['대구영천-202410']
2026-01-08 16:26:02,625 INFO - sql_str=select * from tb_pole where groupname=%s; data=['대구직할-202410']
2026-01-08 16:26:02,774 INFO - sql_str=select * from tb_pole where groupname=%s; data=['대구칠곡-202410']
2026-01-08 16:26:02,961 INFO - sql_str=select * from tb_pole where groupname=%s; data=['대구포항-202410']
2026-01-08 16:26:03,173 INFO - sql_str=select * from tb_pole where groupname=%s; data=['대전세종충남공주-202407']
2026-01-08 16:26:03,202 INFO - sql_str=select * from tb_pole where groupname=%s; data=['대전세종충남논산-202407']
2026-01-08 16:26:03,236 INFO - sql_str=select * from tb_pole where groupname=%s; data=['대전세종충남보령-202407']
2026-01-08 16:26:03,267 INFO - sql_str=select * from tb_pole where groupname=%s; data=['대전세종충남서대전-202407']
2026-01-08 16:26:03,302 INFO - sql_str=select * from tb_pole where groupname=%s; data=['대전세종충남아산-202407']
2026-01-08 16:26:03,333 INFO - sql_str=select * from tb_pole where groupname=%s; data=['대전세종충남청양-202407']
2026-01-08 16:26:03,363 INFO - sql_str=select * from tb_pole where groupname=%s; data=['동대구지사-2511']
2026-01-08 16:26:03,583 INFO - sql_str=select * from tb_pole where groupname=%s; data=['동대문중랑-2503']
2026-01-08 16:26:03,804 INFO - sql_str=select * from tb_pole where groupname=%s; data=['동두천지사-2504']
2026-01-08 16:26:04,008 INFO - sql_str=select * from tb_pole where groupname=%s; data=['동두천지사2-2505']
2026-01-08 16:26:04,247 INFO - sql_str=select * from tb_pole where groupname=%s; data=['동두천추가']
2026-01-08 16:26:04,379 INFO - sql_str=select * from tb_pole where groupname=%s; data=['동울산2권역-2505']
2026-01-08 16:26:04,557 INFO - sql_str=select * from tb_pole where groupname=%s; data=['보령지사-2504']
2026-01-08 16:26:04,723 INFO - sql_str=select * from tb_pole where groupname=%s; data=['부안지사-2507']
2026-01-08 16:26:04,886 INFO - sql_str=select * from tb_pole where groupname=%s; data=['부천-2504']
2026-01-08 16:26:05,055 INFO - sql_str=select * from tb_pole where groupname=%s; data=['부천지사2510']
2026-01-08 16:26:05,247 INFO - sql_str=select * from tb_pole where groupname=%s; data=['북포항지사-2511']
2026-01-08 16:26:05,310 INFO - sql_str=select * from tb_pole where groupname=%s; data=['산청3권역-2505']
2026-01-08 16:26:05,454 INFO - sql_str=select * from tb_pole where groupname=%s; data=['서대구지사-2511']
2026-01-08 16:26:05,585 INFO - sql_str=select * from tb_pole where groupname=%s; data=['서대문은평-2503']
2026-01-08 16:26:05,773 INFO - sql_str=select * from tb_pole where groupname=%s; data=['서울산2권역-2505']
2026-01-08 16:26:06,004 INFO - sql_str=select * from tb_pole where groupname=%s; data=['서천지사-2505']
2026-01-08 16:26:06,207 INFO - sql_str=select * from tb_pole where groupname=%s; data=['서평택지사-2506']
2026-01-08 16:26:06,419 INFO - sql_str=select * from tb_pole where groupname=%s; data=['서평택지사-2508']
2026-01-08 16:26:06,631 INFO - sql_str=select * from tb_pole where groupname=%s; data=['성주지사-2511']
2026-01-08 16:26:06,923 INFO - sql_str=select * from tb_pole where groupname=%s; data=['세종지사-2505']
2026-01-08 16:26:07,361 INFO - sql_str=select * from tb_pole where groupname=%s; data=['시흥-2504']
2026-01-08 16:26:07,498 INFO - sql_str=select * from tb_pole where groupname=%s; data=['아산지사-2504']
2026-01-08 16:26:08,000 INFO - sql_str=select * from tb_pole where groupname=%s; data=['아산지사-2511']
2026-01-08 16:26:08,110 INFO - sql_str=select * from tb_pole where groupname=%s; data=['아산지사2-2504']
2026-01-08 16:26:08,306 INFO - sql_str=select * from tb_pole where groupname=%s; data=['아산지사2-2511']
2026-01-08 16:26:08,530 INFO - sql_str=select * from tb_pole where groupname=%s; data=['안성지사-2506']
2026-01-08 16:26:08,727 INFO - sql_str=select * from tb_pole where groupname=%s; data=['안성지사-2508']
2026-01-08 16:26:08,918 INFO - sql_str=select * from tb_pole where groupname=%s; data=['양양지사-2510']
2026-01-08 16:26:09,054 INFO - sql_str=select * from tb_pole where groupname=%s; data=['영덕지사-2511']
2026-01-08 16:26:09,251 INFO - sql_str=select * from tb_pole where groupname=%s; data=['영주지사-2504']
2026-01-08 16:26:09,441 INFO - sql_str=select * from tb_pole where groupname=%s; data=['영천지사-2511']
2026-01-08 16:26:09,573 INFO - sql_str=select * from tb_pole where groupname=%s; data=['예산지사-2505']
2026-01-08 16:26:09,774 INFO - sql_str=select * from tb_pole where groupname=%s; data=['울산2권역-2505']
2026-01-08 16:26:09,967 INFO - sql_str=select * from tb_pole where groupname=%s; data=['원주지사-2506']
2026-01-08 16:26:10,028 INFO - sql_str=select * from tb_pole where groupname=%s; data=['음성지사-2512']
2026-01-08 16:26:10,162 INFO - sql_str=select * from tb_pole where groupname=%s; data=['의령지사-2511']
2026-01-08 16:26:10,397 INFO - sql_str=select * from tb_pole where groupname=%s; data=['인천-추가']
2026-01-08 16:26:10,597 INFO - sql_str=select * from tb_pole where groupname=%s; data=['인천본부직할-2504']
2026-01-08 16:26:10,823 INFO - sql_str=select * from tb_pole where groupname=%s; data=['임실지사-2507']
2026-01-08 16:26:11,013 INFO - sql_str=select * from tb_pole where groupname=%s; data=['정읍지사-2507']
2026-01-08 16:26:11,156 INFO - sql_str=select * from tb_pole where groupname=%s; data=['제물포-2504']
2026-01-08 16:26:11,348 INFO - sql_str=select * from tb_pole where groupname=%s; data=['제천지사-2512']
2026-01-08 16:26:11,539 INFO - sql_str=select * from tb_pole where groupname=%s; data=['죽곡지구-2508']
2026-01-08 16:26:11,679 INFO - sql_str=select * from tb_pole where groupname=%s; data=['증평괴산지사-2512']
2026-01-08 16:26:11,922 INFO - sql_str=select * from tb_pole where groupname=%s; data=['진주3권역-2505']
2026-01-08 16:26:12,076 INFO - sql_str=select * from tb_pole where groupname=%s; data=['진천지사-2512']
2026-01-08 16:26:12,210 INFO - sql_str=select * from tb_pole where groupname=%s; data=['창녕4권역-2505']
2026-01-08 16:26:12,397 INFO - sql_str=select * from tb_pole where groupname=%s; data=['창녕지사-2511']
2026-01-08 16:26:12,589 INFO - sql_str=select * from tb_pole where groupname=%s; data=['천안지사-2511']
2026-01-08 16:26:12,733 INFO - sql_str=select * from tb_pole where groupname=%s; data=['천안지사2-2511']
2026-01-08 16:26:12,922 INFO - sql_str=select * from tb_pole where groupname=%s; data=['철원지사(2순위)-2510']
2026-01-08 16:26:13,112 INFO - sql_str=select * from tb_pole where groupname=%s; data=['청도지사-2511']
2026-01-08 16:26:13,232 INFO - sql_str=select * from tb_pole where groupname=%s; data=['충북단양-202409']
2026-01-08 16:26:13,279 INFO - sql_str=select * from tb_pole where groupname=%s; data=['충북동청주-202409']
2026-01-08 16:26:13,443 INFO - sql_str=select * from tb_pole where groupname=%s; data=['충북보은-202409']
2026-01-08 16:26:13,637 INFO - sql_str=select * from tb_pole where groupname=%s; data=['충북본부직할-2512']
2026-01-08 16:26:13,822 INFO - sql_str=select * from tb_pole where groupname=%s; data=['충북영동-202409']
2026-01-08 16:26:13,968 INFO - sql_str=select * from tb_pole where groupname=%s; data=['충북옥천-202409']
2026-01-08 16:26:14,159 INFO - sql_str=select * from tb_pole where groupname=%s; data=['충북음성-202409']
2026-01-08 16:26:14,317 INFO - sql_str=select * from tb_pole where groupname=%s; data=['충북제천-202409']
2026-01-08 16:26:14,493 INFO - sql_str=select * from tb_pole where groupname=%s; data=['충북증평괴산-202409']
2026-01-08 16:26:14,686 INFO - sql_str=select * from tb_pole where groupname=%s; data=['충북직할-202409']
2026-01-08 16:26:14,840 INFO - sql_str=select * from tb_pole where groupname=%s; data=['충북진천-202409']
2026-01-08 16:26:15,017 INFO - sql_str=select * from tb_pole where groupname=%s; data=['충북충주-202409']
2026-01-08 16:26:15,207 INFO - sql_str=select * from tb_pole where groupname=%s; data=['충주지사-2512']
2026-01-08 16:26:15,390 INFO - sql_str=select * from tb_pole where groupname=%s; data=['칠곡지사-2511']
2026-01-08 16:26:15,542 INFO - sql_str=select * from tb_pole where groupname=%s; data=['태안지사-2505']
2026-01-08 16:26:15,734 INFO - sql_str=select * from tb_pole where groupname=%s; data=['파주지사-2503']
2026-01-08 16:26:15,883 INFO - sql_str=select * from tb_pole where groupname=%s; data=['파주지사-2506']
2026-01-08 16:26:16,066 INFO - sql_str=select * from tb_pole where groupname=%s; data=['평택지사-2506']
2026-01-08 16:26:16,257 INFO - sql_str=select * from tb_pole where groupname=%s; data=['평택지사-2508']
2026-01-08 16:26:16,411 INFO - sql_str=select * from tb_pole where groupname=%s; data=['포항지사-2511']
2026-01-08 16:26:16,592 INFO - sql_str=select * from tb_pole where groupname=%s; data=['하동3권역-2505']
2026-01-08 16:26:16,781 INFO - sql_str=select * from tb_pole where groupname=%s; data=['하동지사-2511']
2026-01-08 16:26:16,928 INFO - sql_str=select * from tb_pole where groupname=%s; data=['함안의령4권역-2505']
2026-01-08 16:26:17,126 INFO - sql_str=select * from tb_pole where groupname=%s; data=['함양지사-2511']
2026-01-08 16:26:17,306 INFO - sql_str=select * from tb_pole where groupname=%s; data=['합천지사-2511']
2026-01-08 16:26:17,546 INFO - sql_str=select * from tb_pole where groupname=%s; data=['홍성지사-2504']
2026-01-08 16:26:17,830 INFO - sql_str=select * from tb_pole where groupname=%s; data=['홍성지사2-2504']
2026-01-08 16:26:18,264 INFO - mysql) host=smartpole-kh.iptime.org db_name=polediagdb port=33306
2026-01-08 16:26:18,265 INFO - sql_str=SELECT DISTINCT groupname FROM tb_anal_state WHERE groupname IS NOT NULL ORDER BY groupname
2026-01-08 16:26:18,357 INFO - sql_str=select * from tb_pole where groupname=%s; data=['경남마산-202407']
2026-01-08 16:26:18,381 INFO - sql_str=select * from tb_pole where groupname=%s; data=['경남밀양-202407']
2026-01-08 16:26:18,409 INFO - sql_str=select * from tb_pole where groupname=%s; data=['경남사천-202407']
2026-01-08 16:26:18,434 INFO - sql_str=select * from tb_pole where groupname=%s; data=['경남직할-202407']
2026-01-08 16:26:18,460 INFO - sql_str=select * from tb_pole where groupname=%s; data=['경남진주-202407']
2026-01-08 16:26:18,486 INFO - sql_str=select * from tb_pole where groupname=%s; data=['경남진해-202407']
2026-01-08 16:26:18,511 INFO - sql_str=select * from tb_pole where groupname=%s; data=['경남창녕-202407']
2026-01-08 16:26:18,538 INFO - sql_str=select * from tb_pole where groupname=%s; data=['경남하동-202408']
2026-01-08 16:26:18,563 INFO - sql_str=select * from tb_pole where groupname=%s; data=['경남함안-202407']
2026-01-08 16:26:18,590 INFO - sql_str=select * from tb_pole where groupname=%s; data=['경남합천-202408']
2026-01-08 16:26:18,686 INFO - sql_str=select * from tb_pole where groupname=%s; data=['인천남인천-202407']
2026-01-08 16:26:18,745 INFO - sql_str=select * from tb_pole where groupname=%s; data=['인천부천-202407']
2026-01-08 16:26:18,880 INFO - sql_str=select * from tb_pole where groupname=%s; data=['인천시흥-202407']
2026-01-08 16:26:18,926 INFO - sql_str=select * from tb_pole where groupname=%s; data=['인천영종-202407']
2026-01-08 16:26:18,979 INFO - sql_str=select * from tb_pole where groupname=%s; data=['인천제물포-202407']
2026-01-08 16:26:19,035 INFO - sql_str=select * from tb_pole where groupname=%s; data=['인천직할-202407']
2026-01-08 16:26:25,108 ERROR - Failed to connect to database: (2003, "Can't connect to MySQL server on 'smartpole-jt.iptime.org' ([Errno 51] Network is unreachable)")
2026-01-08 16:26:25,108 INFO - sql_str=SELECT DISTINCT groupname FROM tb_anal_state WHERE groupname IS NOT NULL ORDER BY groupname
2026-01-08 16:26:25,109 ERROR - 'NoneType' object has no attribute 'cursor'
2026-01-08 16:27:08,378 ERROR - Failed to connect to database: (2003, "Can't connect to MySQL server on '210.105.85.3' (timed out)")
2026-01-08 16:27:08,379 INFO - sql_str=SELECT DISTINCT groupname FROM tb_anal_state WHERE groupname IS NOT NULL ORDER BY groupname
2026-01-08 16:27:08,379 ERROR - 'NoneType' object has no attribute 'cursor'
2026-01-08 16:27:08,539 INFO - mysql) host=smartpole-is.iptime.org db_name=polediagdb port=33306
2026-01-08 16:27:08,539 INFO - sql_str=SELECT DISTINCT groupname FROM tb_anal_state WHERE groupname IS NOT NULL ORDER BY groupname
2026-01-08 16:27:35,467 INFO - mysql) host=smartpole-is.iptime.org db_name=polediagdb port=33306
2026-01-08 16:27:56,452 INFO - mysql) host=smartpole-kh.iptime.org db_name=polediagdb port=33306
2026-01-08 16:27:56,453 INFO - sql_str=SELECT DISTINCT groupname FROM tb_anal_state WHERE groupname IS NOT NULL ORDER BY groupname
2026-01-08 16:27:57,193 INFO - mysql) host=smartpole-kh.iptime.org db_name=polediagdb port=33306
2026-01-08 16:28:01,879 ERROR - Failed to connect to database: (2003, "Can't connect to MySQL server on 'smartpole-jt.iptime.org' ([Errno 51] Network is unreachable)")
2026-01-08 16:28:01,879 INFO - sql_str=SELECT DISTINCT groupname FROM tb_anal_state WHERE groupname IS NOT NULL ORDER BY groupname
2026-01-08 16:28:01,879 ERROR - 'NoneType' object has no attribute 'cursor'
2026-01-08 16:28:38,738 INFO - mysql) host=smartpole-is.iptime.org db_name=polediagdb port=33306
2026-01-08 16:32:48,203 INFO - mysql) host=smartpole-is.iptime.org db_name=polediagdb port=33306
2026-01-08 16:32:49,678 INFO - sql_str=SELECT * FROM tb_diag_pole_meas_result WHERE poleid=%s and devicetype=%s order by idx; data=['8732F191', 'OUT']
2026-01-08 16:32:49,775 INFO - sql_str=SELECT * FROM tb_diag_pole_meas_result WHERE poleid=%s and devicetype=%s order by idx; data=['8732F191', 'IN']
2026-01-08 16:32:49,864 INFO - sql_str=SELECT * FROM tb_diag_pole_meas_data WHERE poleid=%s and measno=%s and devicetype=%s and axis=%s order by idx; data=['8732F191', 1, 'IN', 'x']
2026-01-08 16:32:57,341 INFO - sql_str=SELECT * FROM tb_diag_pole_meas_data WHERE poleid=%s and measno=%s and devicetype=%s and axis=%s order by idx; data=['8732F191', 2, 'IN', 'x']
2026-01-08 16:33:05,431 INFO - sql_str=SELECT * FROM tb_diag_pole_meas_data WHERE poleid=%s and measno=%s and devicetype=%s and axis=%s order by idx; data=['8732F191', 3, 'IN', 'x']
2026-01-08 16:33:10,795 INFO - sql_str=SELECT * FROM tb_diag_pole_meas_data WHERE poleid=%s and measno=%s and devicetype=%s and axis=%s order by idx; data=['8732F191', 4, 'OUT', 'x']
2026-01-08 16:33:10,831 INFO - sql_str=SELECT * FROM tb_diag_pole_meas_data WHERE poleid=%s and measno=%s and devicetype=%s and axis=%s order by idx; data=['8732F191', 4, 'OUT', 'y']
2026-01-08 16:33:10,849 INFO - sql_str=SELECT * FROM tb_diag_pole_meas_data WHERE poleid=%s and measno=%s and devicetype=%s and axis=%s order by idx; data=['8732F191', 4, 'OUT', 'z']
2026-01-08 16:33:30,949 INFO - sql_str=SELECT * FROM tb_diag_pole_meas_data WHERE poleid=%s and measno=%s and devicetype=%s and axis=%s order by idx; data=['8732F191', 5, 'OUT', 'x']
2026-01-08 16:33:30,974 INFO - sql_str=SELECT * FROM tb_diag_pole_meas_data WHERE poleid=%s and measno=%s and devicetype=%s and axis=%s order by idx; data=['8732F191', 5, 'OUT', 'y']
2026-01-08 16:33:30,992 INFO - sql_str=SELECT * FROM tb_diag_pole_meas_data WHERE poleid=%s and measno=%s and devicetype=%s and axis=%s order by idx; data=['8732F191', 5, 'OUT', 'z']
2026-01-08 16:33:52,663 INFO - sql_str=SELECT * FROM tb_diag_pole_meas_data WHERE poleid=%s and measno=%s and devicetype=%s and axis=%s order by idx; data=['8732F191', 6, 'OUT', 'x']
2026-01-08 16:33:52,689 INFO - sql_str=SELECT * FROM tb_diag_pole_meas_data WHERE poleid=%s and measno=%s and devicetype=%s and axis=%s order by idx; data=['8732F191', 6, 'OUT', 'y']
2026-01-08 16:33:52,707 INFO - sql_str=SELECT * FROM tb_diag_pole_meas_data WHERE poleid=%s and measno=%s and devicetype=%s and axis=%s order by idx; data=['8732F191', 6, 'OUT', 'z']
2026-01-08 16:34:14,378 INFO - sql_str=SELECT * FROM tb_diag_pole_meas_data WHERE poleid=%s and measno=%s and devicetype=%s and axis=%s order by idx; data=['8732F191', 7, 'OUT', 'x']
2026-01-08 16:34:14,410 INFO - sql_str=SELECT * FROM tb_diag_pole_meas_data WHERE poleid=%s and measno=%s and devicetype=%s and axis=%s order by idx; data=['8732F191', 7, 'OUT', 'y']
2026-01-08 16:34:14,448 INFO - sql_str=SELECT * FROM tb_diag_pole_meas_data WHERE poleid=%s and measno=%s and devicetype=%s and axis=%s order by idx; data=['8732F191', 7, 'OUT', 'z']
2026-01-08 16:37:36,098 ERROR - Failed to connect to database: (2003, "Can't connect to MySQL server on '210.105.85.3' (timed out)")
2026-01-08 16:37:36,098 INFO - sql_str=SELECT DISTINCT groupname FROM tb_anal_state WHERE groupname IS NOT NULL ORDER BY groupname
2026-01-08 16:37:36,098 ERROR - 'NoneType' object has no attribute 'cursor'
2026-01-08 16:37:36,337 INFO - mysql) host=smartpole-is.iptime.org db_name=polediagdb port=33306
2026-01-08 16:37:36,339 INFO - sql_str=SELECT DISTINCT groupname FROM tb_anal_state WHERE groupname IS NOT NULL ORDER BY groupname
2026-01-08 16:41:03,412 INFO - mysql) host=smartpole-is.iptime.org db_name=polediagdb port=33306
2026-01-08 16:41:03,553 INFO - mysql) host=smartpole-is.iptime.org db_name=polediagdb port=33306
2026-01-08 16:43:29,275 INFO - mysql) host=smartpole-is.iptime.org db_name=polediagdb port=33306
2026-01-08 16:43:29,526 INFO - mysql) host=smartpole-is.iptime.org db_name=polediagdb port=33306
2026-01-08 16:46:05,850 INFO - mysql) host=smartpole-is.iptime.org db_name=polediagdb port=33306
2026-01-08 16:46:05,985 INFO - mysql) host=smartpole-is.iptime.org db_name=polediagdb port=33306
2026-01-08 16:46:34,561 ERROR - Failed to connect to database: (2003, "Can't connect to MySQL server on '210.105.85.3' (timed out)")
2026-01-08 16:46:34,561 INFO - sql_str=SELECT DISTINCT groupname FROM tb_anal_state WHERE groupname IS NOT NULL ORDER BY groupname
2026-01-08 16:46:34,561 ERROR - 'NoneType' object has no attribute 'cursor'
2026-01-08 16:46:35,925 INFO - mysql) host=smartpole-is.iptime.org db_name=polediagdb port=33306
2026-01-08 16:46:35,925 INFO - sql_str=SELECT DISTINCT groupname FROM tb_anal_state WHERE groupname IS NOT NULL ORDER BY groupname
2026-01-08 16:46:35,941 INFO - sql_str=select * from tb_pole where groupname=%s; data=['강릉지사-2506']
2026-01-08 16:46:36,346 INFO - sql_str=select * from tb_pole where groupname=%s; data=['강서양천지사-2504']
2026-01-08 16:46:36,584 INFO - sql_str=select * from tb_pole where groupname=%s; data=['강원본부직할-2512']
2026-01-08 16:46:36,808 INFO - sql_str=select * from tb_pole where groupname=%s; data=['강원정선-202406']
2026-01-08 16:46:36,843 INFO - sql_str=select * from tb_pole where groupname=%s; data=['거제지사-2511']
2026-01-08 16:46:36,982 INFO - sql_str=select * from tb_pole where groupname=%s; data=['거창지사-2511']
2026-01-08 16:46:37,211 INFO - sql_str=select * from tb_pole where groupname=%s; data=['경기광명-202408']
2026-01-08 16:46:37,346 INFO - sql_str=select * from tb_pole where groupname=%s; data=['경기서수원-202408']
2026-01-08 16:46:37,412 INFO - sql_str=select * from tb_pole where groupname=%s; data=['경기서용인-202408']
2026-01-08 16:46:37,450 INFO - sql_str=select * from tb_pole where groupname=%s; data=['경기성남-202408']
2026-01-08 16:46:37,495 INFO - sql_str=select * from tb_pole where groupname=%s; data=['경기안산-202408']
2026-01-08 16:46:37,528 INFO - sql_str=select * from tb_pole where groupname=%s; data=['경기안양군포의왕-202408']
2026-01-08 16:46:37,640 INFO - sql_str=select * from tb_pole where groupname=%s; data=['경기직할-202408']
2026-01-08 16:46:37,674 INFO - sql_str=select * from tb_pole where groupname=%s; data=['경산지사-2511']
2026-01-08 16:46:37,942 INFO - sql_str=select * from tb_pole where groupname=%s; data=['경주지사-2511']
2026-01-08 16:46:38,176 INFO - sql_str=select * from tb_pole where groupname=%s; data=['고령지사-2511']
2026-01-08 16:46:38,457 INFO - sql_str=select * from tb_pole where groupname=%s; data=['고성지사-2511']
2026-01-08 16:46:38,686 INFO - sql_str=select * from tb_pole where groupname=%s; data=['고창지사-2507']
2026-01-08 16:46:38,871 INFO - sql_str=select * from tb_pole where groupname=%s; data=['광주전남강진-202409']
2026-01-08 16:46:39,002 INFO - sql_str=select * from tb_pole where groupname=%s; data=['광주전남고흥-202409']
2026-01-08 16:46:39,211 INFO - sql_str=select * from tb_pole where groupname=%s; data=['광주전남곡성-202409']
2026-01-08 16:46:39,388 INFO - sql_str=select * from tb_pole where groupname=%s; data=['광주전남광양-202409']
2026-01-08 16:46:39,580 INFO - sql_str=select * from tb_pole where groupname=%s; data=['광주전남구례-202409']
2026-01-08 16:46:39,889 INFO - sql_str=select * from tb_pole where groupname=%s; data=['광주전남보성-202409']
2026-01-08 16:46:40,079 INFO - sql_str=select * from tb_pole where groupname=%s; data=['광주전남서광주-202409']
2026-01-08 16:46:40,437 INFO - sql_str=select * from tb_pole where groupname=%s; data=['광주전남순천-202409']
2026-01-08 16:46:40,634 INFO - sql_str=select * from tb_pole where groupname=%s; data=['광주전남여수-202409']
2026-01-08 16:46:40,948 INFO - sql_str=select * from tb_pole where groupname=%s; data=['광주전남영암-202409']
2026-01-08 16:46:41,303 INFO - sql_str=select * from tb_pole where groupname=%s; data=['광주전남완도-202409']
2026-01-08 16:46:41,535 INFO - sql_str=select * from tb_pole where groupname=%s; data=['광주전남장흥-202409']
2026-01-08 16:46:41,715 INFO - sql_str=select * from tb_pole where groupname=%s; data=['광주전남직할-202409']
2026-01-08 16:46:43,197 INFO - sql_str=select * from tb_pole where groupname=%s; data=['광주전남진도-202409']
2026-01-08 16:46:43,436 INFO - sql_str=select * from tb_pole where groupname=%s; data=['광주전남해남-202409']
2026-01-08 16:46:43,703 INFO - sql_str=select * from tb_pole where groupname=%s; data=['광주전남화순-202409']
2026-01-08 16:46:43,824 INFO - sql_str=select * from tb_pole where groupname=%s; data=['구리지사-2506']
2026-01-08 16:46:44,043 INFO - sql_str=select * from tb_pole where groupname=%s; data=['군산지사-2507']
2026-01-08 16:46:44,182 INFO - sql_str=select * from tb_pole where groupname=%s; data=['김천지사-2511']
2026-01-08 16:46:44,301 INFO - sql_str=select * from tb_pole where groupname=%s; data=['남대구지사-2511']
2026-01-08 16:46:44,446 INFO - sql_str=select * from tb_pole where groupname=%s; data=['남인천-2504']
2026-01-08 16:46:44,586 INFO - sql_str=select * from tb_pole where groupname=%s; data=['남해3권역-2505']
2026-01-08 16:46:44,739 INFO - sql_str=select * from tb_pole where groupname=%s; data=['남해지사-2511']
2026-01-08 16:46:44,970 INFO - sql_str=select * from tb_pole where groupname=%s; data=['노원도봉-2503']
2026-01-08 16:46:45,110 INFO - sql_str=select * from tb_pole where groupname=%s; data=['논산지사-2505']
2026-01-08 16:46:45,237 INFO - sql_str=select * from tb_pole where groupname=%s; data=['논산지사2-2505']
2026-01-08 16:46:45,391 INFO - sql_str=select * from tb_pole where groupname=%s; data=['단양지사-2512']
2026-01-08 16:46:45,618 INFO - sql_str=select * from tb_pole where groupname=%s; data=['당진지사-2504']
2026-01-08 16:46:45,743 INFO - sql_str=select * from tb_pole where groupname=%s; data=['당진지사2-2505']
2026-01-08 16:46:46,038 INFO - sql_str=select * from tb_pole where groupname=%s; data=['대구경주-202410']
2026-01-08 16:46:46,220 INFO - sql_str=select * from tb_pole where groupname=%s; data=['대구김천-202410']
2026-01-08 16:46:46,445 INFO - sql_str=select * from tb_pole where groupname=%s; data=['대구남대구-202410']
2026-01-08 16:46:46,589 INFO - sql_str=select * from tb_pole where groupname=%s; data=['대구본부경산-202407']
2026-01-08 16:46:46,709 INFO - sql_str=select * from tb_pole where groupname=%s; data=['대구본부경주-202407']
2026-01-08 16:46:46,761 INFO - sql_str=select * from tb_pole where groupname=%s; data=['대구본부고령-202407']
2026-01-08 16:46:46,797 INFO - sql_str=select * from tb_pole where groupname=%s; data=['대구본부김천-202407']
2026-01-08 16:46:46,832 INFO - sql_str=select * from tb_pole where groupname=%s; data=['대구본부남대구-202407']
2026-01-08 16:46:46,867 INFO - sql_str=select * from tb_pole where groupname=%s; data=['대구본부북포항-202407']
2026-01-08 16:46:46,900 INFO - sql_str=select * from tb_pole where groupname=%s; data=['대구본부서대구-202407']
2026-01-08 16:46:46,933 INFO - sql_str=select * from tb_pole where groupname=%s; data=['대구본부성주-202407']
2026-01-08 16:46:46,965 INFO - sql_str=select * from tb_pole where groupname=%s; data=['대구본부영덕-202407']
2026-01-08 16:46:47,069 INFO - sql_str=select * from tb_pole where groupname=%s; data=['대구본부영천-202407']
2026-01-08 16:46:47,107 INFO - sql_str=select * from tb_pole where groupname=%s; data=['대구본부직할-202407']
2026-01-08 16:46:47,152 INFO - sql_str=select * from tb_pole where groupname=%s; data=['대구본부직할-2511']
2026-01-08 16:46:47,406 INFO - sql_str=select * from tb_pole where groupname=%s; data=['대구본부청도-202407']
2026-01-08 16:46:47,444 INFO - sql_str=select * from tb_pole where groupname=%s; data=['대구본부칠곡-202407']
2026-01-08 16:46:47,478 INFO - sql_str=select * from tb_pole where groupname=%s; data=['대구본부포항-202407']
2026-01-08 16:46:47,593 INFO - sql_str=select * from tb_pole where groupname=%s; data=['대구북포항-202410']
2026-01-08 16:46:47,746 INFO - sql_str=select * from tb_pole where groupname=%s; data=['대구영천-202410']
2026-01-08 16:46:47,883 INFO - sql_str=select * from tb_pole where groupname=%s; data=['대구직할-202410']
2026-01-08 16:46:48,123 INFO - sql_str=select * from tb_pole where groupname=%s; data=['대구칠곡-202410']
2026-01-08 16:46:48,265 INFO - sql_str=select * from tb_pole where groupname=%s; data=['대구포항-202410']
2026-01-08 16:46:48,459 INFO - sql_str=select * from tb_pole where groupname=%s; data=['대전세종충남공주-202407']
2026-01-08 16:46:48,490 INFO - sql_str=select * from tb_pole where groupname=%s; data=['대전세종충남논산-202407']
2026-01-08 16:46:48,520 INFO - sql_str=select * from tb_pole where groupname=%s; data=['대전세종충남보령-202407']
2026-01-08 16:46:48,647 INFO - sql_str=select * from tb_pole where groupname=%s; data=['대전세종충남서대전-202407']
2026-01-08 16:46:48,683 INFO - sql_str=select * from tb_pole where groupname=%s; data=['대전세종충남아산-202407']
2026-01-08 16:46:48,721 INFO - sql_str=select * from tb_pole where groupname=%s; data=['대전세종충남청양-202407']
2026-01-08 16:46:48,755 INFO - sql_str=select * from tb_pole where groupname=%s; data=['동대구지사-2511']
2026-01-08 16:46:48,890 INFO - sql_str=select * from tb_pole where groupname=%s; data=['동대문중랑-2503']
2026-01-08 16:46:49,039 INFO - sql_str=select * from tb_pole where groupname=%s; data=['동두천지사-2504']
2026-01-08 16:46:49,247 INFO - sql_str=select * from tb_pole where groupname=%s; data=['동두천지사2-2505']
2026-01-08 16:46:49,502 INFO - sql_str=select * from tb_pole where groupname=%s; data=['동두천추가']
2026-01-08 16:46:49,690 INFO - sql_str=select * from tb_pole where groupname=%s; data=['동울산2권역-2505']
2026-01-08 16:46:49,975 INFO - sql_str=select * from tb_pole where groupname=%s; data=['보령지사-2504']
2026-01-08 16:46:50,216 INFO - sql_str=select * from tb_pole where groupname=%s; data=['부안지사-2507']
2026-01-08 16:46:50,440 INFO - sql_str=select * from tb_pole where groupname=%s; data=['부천-2504']
2026-01-08 16:46:50,740 INFO - sql_str=select * from tb_pole where groupname=%s; data=['부천지사2510']
2026-01-08 16:46:50,919 INFO - sql_str=select * from tb_pole where groupname=%s; data=['북포항지사-2511']
2026-01-08 16:46:50,972 INFO - sql_str=select * from tb_pole where groupname=%s; data=['산청3권역-2505']
2026-01-08 16:46:51,114 INFO - sql_str=select * from tb_pole where groupname=%s; data=['서대구지사-2511']
2026-01-08 16:46:51,280 INFO - sql_str=select * from tb_pole where groupname=%s; data=['서대문은평-2503']
2026-01-08 16:46:51,477 INFO - sql_str=select * from tb_pole where groupname=%s; data=['서울산2권역-2505']
2026-01-08 16:46:51,788 INFO - sql_str=select * from tb_pole where groupname=%s; data=['서천지사-2505']
2026-01-08 16:46:52,002 INFO - sql_str=select * from tb_pole where groupname=%s; data=['서평택지사-2506']
2026-01-08 16:46:52,168 INFO - sql_str=select * from tb_pole where groupname=%s; data=['서평택지사-2508']
2026-01-08 16:46:52,351 INFO - sql_str=select * from tb_pole where groupname=%s; data=['성주지사-2511']
2026-01-08 16:46:52,507 INFO - sql_str=select * from tb_pole where groupname=%s; data=['세종지사-2505']
2026-01-08 16:46:52,679 INFO - sql_str=select * from tb_pole where groupname=%s; data=['시흥-2504']
2026-01-08 16:46:52,837 INFO - sql_str=select * from tb_pole where groupname=%s; data=['아산지사-2504']
2026-01-08 16:46:52,964 INFO - sql_str=select * from tb_pole where groupname=%s; data=['아산지사-2511']
2026-01-08 16:46:53,092 INFO - sql_str=select * from tb_pole where groupname=%s; data=['아산지사2-2504']
2026-01-08 16:46:53,196 INFO - sql_str=select * from tb_pole where groupname=%s; data=['아산지사2-2511']
2026-01-08 16:46:53,360 INFO - sql_str=select * from tb_pole where groupname=%s; data=['안성지사-2506']
2026-01-08 16:46:53,513 INFO - sql_str=select * from tb_pole where groupname=%s; data=['안성지사-2508']
2026-01-08 16:46:53,657 INFO - sql_str=select * from tb_pole where groupname=%s; data=['양양지사-2510']
2026-01-08 16:46:53,883 INFO - sql_str=select * from tb_pole where groupname=%s; data=['영덕지사-2511']
2026-01-08 16:46:54,036 INFO - sql_str=select * from tb_pole where groupname=%s; data=['영주지사-2504']
2026-01-08 16:46:54,173 INFO - sql_str=select * from tb_pole where groupname=%s; data=['영천지사-2511']
2026-01-08 16:46:54,296 INFO - sql_str=select * from tb_pole where groupname=%s; data=['예산지사-2505']
2026-01-08 16:46:54,523 INFO - sql_str=select * from tb_pole where groupname=%s; data=['울산2권역-2505']
2026-01-08 16:46:54,714 INFO - sql_str=select * from tb_pole where groupname=%s; data=['원주지사-2506']
2026-01-08 16:46:54,767 INFO - sql_str=select * from tb_pole where groupname=%s; data=['음성지사-2512']
2026-01-08 16:46:54,936 INFO - sql_str=select * from tb_pole where groupname=%s; data=['의령지사-2511']
2026-01-08 16:46:55,081 INFO - sql_str=select * from tb_pole where groupname=%s; data=['인천-추가']
2026-01-08 16:46:55,218 INFO - sql_str=select * from tb_pole where groupname=%s; data=['인천본부직할-2504']
2026-01-08 16:46:55,365 INFO - sql_str=select * from tb_pole where groupname=%s; data=['임실지사-2507']
2026-01-08 16:46:55,595 INFO - sql_str=select * from tb_pole where groupname=%s; data=['정읍지사-2507']
2026-01-08 16:46:55,731 INFO - sql_str=select * from tb_pole where groupname=%s; data=['제물포-2504']
2026-01-08 16:46:55,887 INFO - sql_str=select * from tb_pole where groupname=%s; data=['제천지사-2512']
2026-01-08 16:46:56,120 INFO - sql_str=select * from tb_pole where groupname=%s; data=['죽곡지구-2508']
2026-01-08 16:46:56,256 INFO - sql_str=select * from tb_pole where groupname=%s; data=['증평괴산지사-2512']
2026-01-08 16:46:56,506 INFO - sql_str=select * from tb_pole where groupname=%s; data=['진주3권역-2505']
2026-01-08 16:46:56,675 INFO - sql_str=select * from tb_pole where groupname=%s; data=['진천지사-2512']
2026-01-08 16:46:56,809 INFO - sql_str=select * from tb_pole where groupname=%s; data=['창녕4권역-2505']
2026-01-08 16:46:56,938 INFO - sql_str=select * from tb_pole where groupname=%s; data=['창녕지사-2511']
2026-01-08 16:46:57,173 INFO - sql_str=select * from tb_pole where groupname=%s; data=['천안지사-2511']
2026-01-08 16:46:57,346 INFO - sql_str=select * from tb_pole where groupname=%s; data=['천안지사2-2511']
2026-01-08 16:46:57,555 INFO - sql_str=select * from tb_pole where groupname=%s; data=['철원지사(2순위)-2510']
2026-01-08 16:46:57,707 INFO - sql_str=select * from tb_pole where groupname=%s; data=['청도지사-2511']
2026-01-08 16:46:57,814 INFO - sql_str=select * from tb_pole where groupname=%s; data=['충북단양-202409']
2026-01-08 16:46:57,870 INFO - sql_str=select * from tb_pole where groupname=%s; data=['충북동청주-202409']
2026-01-08 16:46:58,082 INFO - sql_str=select * from tb_pole where groupname=%s; data=['충북보은-202409']
2026-01-08 16:46:58,214 INFO - sql_str=select * from tb_pole where groupname=%s; data=['충북본부직할-2512']
2026-01-08 16:46:58,384 INFO - sql_str=select * from tb_pole where groupname=%s; data=['충북영동-202409']
2026-01-08 16:46:58,606 INFO - sql_str=select * from tb_pole where groupname=%s; data=['충북옥천-202409']
2026-01-08 16:46:58,768 INFO - sql_str=select * from tb_pole where groupname=%s; data=['충북음성-202409']
2026-01-08 16:46:58,921 INFO - sql_str=select * from tb_pole where groupname=%s; data=['충북제천-202409']
2026-01-08 16:46:59,130 INFO - sql_str=select * from tb_pole where groupname=%s; data=['충북증평괴산-202409']
2026-01-08 16:46:59,318 INFO - sql_str=select * from tb_pole where groupname=%s; data=['충북직할-202409']
2026-01-08 16:46:59,468 INFO - sql_str=select * from tb_pole where groupname=%s; data=['충북진천-202409']
2026-01-08 16:46:59,652 INFO - sql_str=select * from tb_pole where groupname=%s; data=['충북충주-202409']
2026-01-08 16:46:59,791 INFO - sql_str=select * from tb_pole where groupname=%s; data=['충주지사-2512']
2026-01-08 16:46:59,928 INFO - sql_str=select * from tb_pole where groupname=%s; data=['칠곡지사-2511']
2026-01-08 16:47:00,054 INFO - sql_str=select * from tb_pole where groupname=%s; data=['태안지사-2505']
2026-01-08 16:47:00,282 INFO - sql_str=select * from tb_pole where groupname=%s; data=['파주지사-2503']
2026-01-08 16:47:00,422 INFO - sql_str=select * from tb_pole where groupname=%s; data=['파주지사-2506']
2026-01-08 16:47:00,552 INFO - sql_str=select * from tb_pole where groupname=%s; data=['평택지사-2506']
2026-01-08 16:47:00,701 INFO - sql_str=select * from tb_pole where groupname=%s; data=['평택지사-2508']
2026-01-08 16:47:00,849 INFO - sql_str=select * from tb_pole where groupname=%s; data=['포항지사-2511']
2026-01-08 16:47:00,984 INFO - sql_str=select * from tb_pole where groupname=%s; data=['하동3권역-2505']
2026-01-08 16:47:01,112 INFO - sql_str=select * from tb_pole where groupname=%s; data=['하동지사-2511']
2026-01-08 16:47:01,338 INFO - sql_str=select * from tb_pole where groupname=%s; data=['함안의령4권역-2505']
2026-01-08 16:47:01,558 INFO - sql_str=select * from tb_pole where groupname=%s; data=['함양지사-2511']
2026-01-08 16:47:01,751 INFO - sql_str=select * from tb_pole where groupname=%s; data=['합천지사-2511']
2026-01-08 16:47:01,946 INFO - sql_str=select * from tb_pole where groupname=%s; data=['홍성지사-2504']
2026-01-08 16:47:02,105 INFO - sql_str=select * from tb_pole where groupname=%s; data=['홍성지사2-2504']
2026-01-08 16:47:02,641 INFO - mysql) host=smartpole-kh.iptime.org db_name=polediagdb port=33306
2026-01-08 16:47:02,641 INFO - sql_str=SELECT DISTINCT groupname FROM tb_anal_state WHERE groupname IS NOT NULL ORDER BY groupname
2026-01-08 16:47:02,652 INFO - sql_str=select * from tb_pole where groupname=%s; data=['경남마산-202407']
2026-01-08 16:47:02,673 INFO - sql_str=select * from tb_pole where groupname=%s; data=['경남밀양-202407']
2026-01-08 16:47:02,699 INFO - sql_str=select * from tb_pole where groupname=%s; data=['경남사천-202407']
2026-01-08 16:47:02,797 INFO - sql_str=select * from tb_pole where groupname=%s; data=['경남직할-202407']
2026-01-08 16:47:02,818 INFO - sql_str=select * from tb_pole where groupname=%s; data=['경남진주-202407']
2026-01-08 16:47:02,843 INFO - sql_str=select * from tb_pole where groupname=%s; data=['경남진해-202407']
2026-01-08 16:47:02,868 INFO - sql_str=select * from tb_pole where groupname=%s; data=['경남창녕-202407']
2026-01-08 16:47:02,892 INFO - sql_str=select * from tb_pole where groupname=%s; data=['경남하동-202408']
2026-01-08 16:47:02,918 INFO - sql_str=select * from tb_pole where groupname=%s; data=['경남함안-202407']
2026-01-08 16:47:02,941 INFO - sql_str=select * from tb_pole where groupname=%s; data=['경남합천-202408']
2026-01-08 16:47:02,965 INFO - sql_str=select * from tb_pole where groupname=%s; data=['인천남인천-202407']
2026-01-08 16:47:03,020 INFO - sql_str=select * from tb_pole where groupname=%s; data=['인천부천-202407']
2026-01-08 16:47:03,068 INFO - sql_str=select * from tb_pole where groupname=%s; data=['인천시흥-202407']
2026-01-08 16:47:03,122 INFO - sql_str=select * from tb_pole where groupname=%s; data=['인천영종-202407']
2026-01-08 16:47:03,169 INFO - sql_str=select * from tb_pole where groupname=%s; data=['인천제물포-202407']
2026-01-08 16:47:03,219 INFO - sql_str=select * from tb_pole where groupname=%s; data=['인천직할-202407']
2026-01-08 16:47:09,360 ERROR - Failed to connect to database: (2003, "Can't connect to MySQL server on 'smartpole-jt.iptime.org' ([Errno 51] Network is unreachable)")
2026-01-08 16:47:09,360 INFO - sql_str=SELECT DISTINCT groupname FROM tb_anal_state WHERE groupname IS NOT NULL ORDER BY groupname
2026-01-08 16:47:09,360 ERROR - 'NoneType' object has no attribute 'cursor'
2026-01-08 16:48:07,988 ERROR - Failed to connect to database: (2003, "Can't connect to MySQL server on 'smartpole-main.iptime.org' ([Errno 8] nodename nor servname provided, or not known)")
2026-01-08 16:48:07,989 INFO - sql_str=SELECT DISTINCT groupname FROM tb_anal_state WHERE groupname IS NOT NULL ORDER BY groupname
2026-01-08 16:48:07,989 ERROR - 'NoneType' object has no attribute 'cursor'
2026-01-08 16:48:08,212 INFO - mysql) host=smartpole-is.iptime.org db_name=polediagdb port=33306
2026-01-08 16:48:08,212 INFO - sql_str=SELECT DISTINCT groupname FROM tb_anal_state WHERE groupname IS NOT NULL ORDER BY groupname
2026-01-08 16:48:08,247 INFO - sql_str=select * from tb_pole where groupname=%s; data=['강릉지사-2506']
2026-01-08 16:48:08,489 INFO - sql_str=select * from tb_pole where groupname=%s; data=['강서양천지사-2504']
2026-01-08 16:48:08,639 INFO - sql_str=select * from tb_pole where groupname=%s; data=['강원본부직할-2512']
2026-01-08 16:48:08,810 INFO - sql_str=select * from tb_pole where groupname=%s; data=['강원정선-202406']
2026-01-08 16:48:08,843 INFO - sql_str=select * from tb_pole where groupname=%s; data=['거제지사-2511']
2026-01-08 16:48:08,978 INFO - sql_str=select * from tb_pole where groupname=%s; data=['거창지사-2511']
2026-01-08 16:48:09,145 INFO - sql_str=select * from tb_pole where groupname=%s; data=['경기광명-202408']
2026-01-08 16:48:09,280 INFO - sql_str=select * from tb_pole where groupname=%s; data=['경기서수원-202408']
2026-01-08 16:48:09,310 INFO - sql_str=select * from tb_pole where groupname=%s; data=['경기서용인-202408']
2026-01-08 16:48:09,359 INFO - sql_str=select * from tb_pole where groupname=%s; data=['경기성남-202408']
2026-01-08 16:48:09,392 INFO - sql_str=select * from tb_pole where groupname=%s; data=['경기안산-202408']
2026-01-08 16:48:09,425 INFO - sql_str=select * from tb_pole where groupname=%s; data=['경기안양군포의왕-202408']
2026-01-08 16:48:09,457 INFO - sql_str=select * from tb_pole where groupname=%s; data=['경기직할-202408']
2026-01-08 16:48:09,492 INFO - sql_str=select * from tb_pole where groupname=%s; data=['경산지사-2511']
2026-01-08 16:48:09,644 INFO - sql_str=select * from tb_pole where groupname=%s; data=['경주지사-2511']
2026-01-08 16:48:09,794 INFO - sql_str=select * from tb_pole where groupname=%s; data=['고령지사-2511']
2026-01-08 16:48:09,975 INFO - sql_str=select * from tb_pole where groupname=%s; data=['고성지사-2511']
2026-01-08 16:48:10,151 INFO - sql_str=select * from tb_pole where groupname=%s; data=['고창지사-2507']
2026-01-08 16:48:10,287 INFO - sql_str=select * from tb_pole where groupname=%s; data=['광주전남강진-202409']
2026-01-08 16:48:10,414 INFO - sql_str=select * from tb_pole where groupname=%s; data=['광주전남고흥-202409']
2026-01-08 16:48:10,558 INFO - sql_str=select * from tb_pole where groupname=%s; data=['광주전남곡성-202409']
2026-01-08 16:48:10,709 INFO - sql_str=select * from tb_pole where groupname=%s; data=['광주전남광양-202409']
2026-01-08 16:48:10,900 INFO - sql_str=select * from tb_pole where groupname=%s; data=['광주전남구례-202409']
2026-01-08 16:48:11,083 INFO - sql_str=select * from tb_pole where groupname=%s; data=['광주전남보성-202409']
2026-01-08 16:48:11,262 INFO - sql_str=select * from tb_pole where groupname=%s; data=['광주전남서광주-202409']
2026-01-08 16:48:11,490 INFO - sql_str=select * from tb_pole where groupname=%s; data=['광주전남순천-202409']
2026-01-08 16:48:11,685 INFO - sql_str=select * from tb_pole where groupname=%s; data=['광주전남여수-202409']
2026-01-08 16:48:11,872 INFO - sql_str=select * from tb_pole where groupname=%s; data=['광주전남영암-202409']
2026-01-08 16:48:12,057 INFO - sql_str=select * from tb_pole where groupname=%s; data=['광주전남완도-202409']
2026-01-08 16:48:12,218 INFO - sql_str=select * from tb_pole where groupname=%s; data=['광주전남장흥-202409']
2026-01-08 16:48:12,353 INFO - sql_str=select * from tb_pole where groupname=%s; data=['광주전남직할-202409']
2026-01-08 16:48:12,578 INFO - sql_str=select * from tb_pole where groupname=%s; data=['광주전남진도-202409']
2026-01-08 16:48:12,752 INFO - sql_str=select * from tb_pole where groupname=%s; data=['광주전남해남-202409']
2026-01-08 16:48:12,927 INFO - sql_str=select * from tb_pole where groupname=%s; data=['광주전남화순-202409']
2026-01-08 16:48:13,051 INFO - sql_str=select * from tb_pole where groupname=%s; data=['구리지사-2506']
2026-01-08 16:48:13,202 INFO - sql_str=select * from tb_pole where groupname=%s; data=['군산지사-2507']
2026-01-08 16:48:13,392 INFO - sql_str=select * from tb_pole where groupname=%s; data=['김천지사-2511']
2026-01-08 16:48:13,610 INFO - sql_str=select * from tb_pole where groupname=%s; data=['남대구지사-2511']
2026-01-08 16:48:13,806 INFO - sql_str=select * from tb_pole where groupname=%s; data=['남인천-2504']
2026-01-08 16:48:13,981 INFO - sql_str=select * from tb_pole where groupname=%s; data=['남해3권역-2505']
2026-01-08 16:48:14,140 INFO - sql_str=select * from tb_pole where groupname=%s; data=['남해지사-2511']
2026-01-08 16:48:14,329 INFO - sql_str=select * from tb_pole where groupname=%s; data=['노원도봉-2503']
2026-01-08 16:48:14,475 INFO - sql_str=select * from tb_pole where groupname=%s; data=['논산지사-2505']
2026-01-08 16:48:14,664 INFO - sql_str=select * from tb_pole where groupname=%s; data=['논산지사2-2505']
2026-01-08 16:48:14,856 INFO - sql_str=select * from tb_pole where groupname=%s; data=['단양지사-2512']
2026-01-08 16:48:15,017 INFO - sql_str=select * from tb_pole where groupname=%s; data=['당진지사-2504']
2026-01-08 16:48:15,188 INFO - sql_str=select * from tb_pole where groupname=%s; data=['당진지사2-2505']
2026-01-08 16:48:15,585 INFO - sql_str=select * from tb_pole where groupname=%s; data=['대구경주-202410']
2026-01-08 16:48:15,818 INFO - sql_str=select * from tb_pole where groupname=%s; data=['대구김천-202410']
2026-01-08 16:48:16,072 INFO - sql_str=select * from tb_pole where groupname=%s; data=['대구남대구-202410']
2026-01-08 16:48:16,120 INFO - sql_str=select * from tb_pole where groupname=%s; data=['대구본부경산-202407']
2026-01-08 16:48:16,244 INFO - sql_str=select * from tb_pole where groupname=%s; data=['대구본부경주-202407']
2026-01-08 16:48:16,289 INFO - sql_str=select * from tb_pole where groupname=%s; data=['대구본부고령-202407']
2026-01-08 16:48:16,331 INFO - sql_str=select * from tb_pole where groupname=%s; data=['대구본부김천-202407']
2026-01-08 16:48:16,427 INFO - sql_str=select * from tb_pole where groupname=%s; data=['대구본부남대구-202407']
2026-01-08 16:48:16,484 INFO - sql_str=select * from tb_pole where groupname=%s; data=['대구본부북포항-202407']
2026-01-08 16:48:16,529 INFO - sql_str=select * from tb_pole where groupname=%s; data=['대구본부서대구-202407']
2026-01-08 16:48:16,562 INFO - sql_str=select * from tb_pole where groupname=%s; data=['대구본부성주-202407']
2026-01-08 16:48:16,593 INFO - sql_str=select * from tb_pole where groupname=%s; data=['대구본부영덕-202407']
2026-01-08 16:48:16,629 INFO - sql_str=select * from tb_pole where groupname=%s; data=['대구본부영천-202407']
2026-01-08 16:48:16,663 INFO - sql_str=select * from tb_pole where groupname=%s; data=['대구본부직할-202407']
2026-01-08 16:48:16,760 INFO - sql_str=select * from tb_pole where groupname=%s; data=['대구본부직할-2511']
2026-01-08 16:48:16,974 INFO - sql_str=select * from tb_pole where groupname=%s; data=['대구본부청도-202407']
2026-01-08 16:48:17,005 INFO - sql_str=select * from tb_pole where groupname=%s; data=['대구본부칠곡-202407']
2026-01-08 16:48:17,038 INFO - sql_str=select * from tb_pole where groupname=%s; data=['대구본부포항-202407']
2026-01-08 16:48:17,071 INFO - sql_str=select * from tb_pole where groupname=%s; data=['대구북포항-202410']
2026-01-08 16:48:17,284 INFO - sql_str=select * from tb_pole where groupname=%s; data=['대구영천-202410']
2026-01-08 16:48:17,480 INFO - sql_str=select * from tb_pole where groupname=%s; data=['대구직할-202410']
2026-01-08 16:48:17,628 INFO - sql_str=select * from tb_pole where groupname=%s; data=['대구칠곡-202410']
2026-01-08 16:48:17,808 INFO - sql_str=select * from tb_pole where groupname=%s; data=['대구포항-202410']
2026-01-08 16:48:18,027 INFO - sql_str=select * from tb_pole where groupname=%s; data=['대전세종충남공주-202407']
2026-01-08 16:48:18,060 INFO - sql_str=select * from tb_pole where groupname=%s; data=['대전세종충남논산-202407']
2026-01-08 16:48:18,091 INFO - sql_str=select * from tb_pole where groupname=%s; data=['대전세종충남보령-202407']
2026-01-08 16:48:18,123 INFO - sql_str=select * from tb_pole where groupname=%s; data=['대전세종충남서대전-202407']
2026-01-08 16:48:18,155 INFO - sql_str=select * from tb_pole where groupname=%s; data=['대전세종충남아산-202407']
2026-01-08 16:48:18,186 INFO - sql_str=select * from tb_pole where groupname=%s; data=['대전세종충남청양-202407']
2026-01-08 16:48:18,219 INFO - sql_str=select * from tb_pole where groupname=%s; data=['동대구지사-2511']
2026-01-08 16:48:18,435 INFO - sql_str=select * from tb_pole where groupname=%s; data=['동대문중랑-2503']
2026-01-08 16:48:18,678 INFO - sql_str=select * from tb_pole where groupname=%s; data=['동두천지사-2504']
2026-01-08 16:48:18,858 INFO - sql_str=select * from tb_pole where groupname=%s; data=['동두천지사2-2505']
2026-01-08 16:48:19,047 INFO - sql_str=select * from tb_pole where groupname=%s; data=['동두천추가']
2026-01-08 16:48:19,194 INFO - sql_str=select * from tb_pole where groupname=%s; data=['동울산2권역-2505']
2026-01-08 16:48:19,398 INFO - sql_str=select * from tb_pole where groupname=%s; data=['보령지사-2504']
2026-01-08 16:48:19,576 INFO - sql_str=select * from tb_pole where groupname=%s; data=['부안지사-2507']
2026-01-08 16:48:19,776 INFO - sql_str=select * from tb_pole where groupname=%s; data=['부천-2504']
2026-01-08 16:48:19,994 INFO - sql_str=select * from tb_pole where groupname=%s; data=['부천지사2510']
2026-01-08 16:48:20,214 INFO - sql_str=select * from tb_pole where groupname=%s; data=['북포항지사-2511']
2026-01-08 16:48:20,262 INFO - sql_str=select * from tb_pole where groupname=%s; data=['산청3권역-2505']
2026-01-08 16:48:20,431 INFO - sql_str=select * from tb_pole where groupname=%s; data=['서대구지사-2511']
2026-01-08 16:48:20,624 INFO - sql_str=select * from tb_pole where groupname=%s; data=['서대문은평-2503']
2026-01-08 16:48:20,787 INFO - sql_str=select * from tb_pole where groupname=%s; data=['서울산2권역-2505']
2026-01-08 16:48:21,148 INFO - sql_str=select * from tb_pole where groupname=%s; data=['서천지사-2505']
2026-01-08 16:48:21,390 INFO - sql_str=select * from tb_pole where groupname=%s; data=['서평택지사-2506']
2026-01-08 16:48:21,674 INFO - sql_str=select * from tb_pole where groupname=%s; data=['서평택지사-2508']
2026-01-08 16:48:21,848 INFO - sql_str=select * from tb_pole where groupname=%s; data=['성주지사-2511']
2026-01-08 16:48:22,008 INFO - sql_str=select * from tb_pole where groupname=%s; data=['세종지사-2505']
2026-01-08 16:48:22,203 INFO - sql_str=select * from tb_pole where groupname=%s; data=['시흥-2504']
2026-01-08 16:48:22,398 INFO - sql_str=select * from tb_pole where groupname=%s; data=['아산지사-2504']
2026-01-08 16:48:22,607 INFO - sql_str=select * from tb_pole where groupname=%s; data=['아산지사-2511']
2026-01-08 16:48:22,807 INFO - sql_str=select * from tb_pole where groupname=%s; data=['아산지사2-2504']
2026-01-08 16:48:22,919 INFO - sql_str=select * from tb_pole where groupname=%s; data=['아산지사2-2511']
2026-01-08 16:48:23,387 INFO - sql_str=select * from tb_pole where groupname=%s; data=['안성지사-2506']
2026-01-08 16:48:23,578 INFO - sql_str=select * from tb_pole where groupname=%s; data=['안성지사-2508']
2026-01-08 16:48:23,770 INFO - sql_str=select * from tb_pole where groupname=%s; data=['양양지사-2510']
2026-01-08 16:48:23,910 INFO - sql_str=select * from tb_pole where groupname=%s; data=['영덕지사-2511']
2026-01-08 16:48:24,103 INFO - sql_str=select * from tb_pole where groupname=%s; data=['영주지사-2504']
2026-01-08 16:48:24,304 INFO - sql_str=select * from tb_pole where groupname=%s; data=['영천지사-2511']
2026-01-08 16:48:24,448 INFO - sql_str=select * from tb_pole where groupname=%s; data=['예산지사-2505']
2026-01-08 16:48:24,630 INFO - sql_str=select * from tb_pole where groupname=%s; data=['울산2권역-2505']
2026-01-08 16:48:24,829 INFO - sql_str=select * from tb_pole where groupname=%s; data=['원주지사-2506']
2026-01-08 16:48:24,889 INFO - sql_str=select * from tb_pole where groupname=%s; data=['음성지사-2512']
2026-01-08 16:48:25,152 INFO - sql_str=select * from tb_pole where groupname=%s; data=['의령지사-2511']
2026-01-08 16:48:25,346 INFO - sql_str=select * from tb_pole where groupname=%s; data=['인천-추가']
2026-01-08 16:48:25,486 INFO - sql_str=select * from tb_pole where groupname=%s; data=['인천본부직할-2504']
2026-01-08 16:48:25,676 INFO - sql_str=select * from tb_pole where groupname=%s; data=['임실지사-2507']
2026-01-08 16:48:25,869 INFO - sql_str=select * from tb_pole where groupname=%s; data=['정읍지사-2507']
2026-01-08 16:48:26,023 INFO - sql_str=select * from tb_pole where groupname=%s; data=['제물포-2504']
2026-01-08 16:48:26,202 INFO - sql_str=select * from tb_pole where groupname=%s; data=['제천지사-2512']
2026-01-08 16:48:26,503 INFO - sql_str=select * from tb_pole where groupname=%s; data=['죽곡지구-2508']
2026-01-08 16:48:26,725 INFO - sql_str=select * from tb_pole where groupname=%s; data=['증평괴산지사-2512']
2026-01-08 16:48:26,986 INFO - sql_str=select * from tb_pole where groupname=%s; data=['진주3권역-2505']
2026-01-08 16:48:27,440 INFO - sql_str=select * from tb_pole where groupname=%s; data=['진천지사-2512']
2026-01-08 16:48:27,638 INFO - sql_str=select * from tb_pole where groupname=%s; data=['창녕4권역-2505']
2026-01-08 16:48:27,773 INFO - sql_str=select * from tb_pole where groupname=%s; data=['창녕지사-2511']
2026-01-08 16:48:27,966 INFO - sql_str=select * from tb_pole where groupname=%s; data=['천안지사-2511']
2026-01-08 16:48:28,121 INFO - sql_str=select * from tb_pole where groupname=%s; data=['천안지사2-2511']
2026-01-08 16:48:28,301 INFO - sql_str=select * from tb_pole where groupname=%s; data=['철원지사(2순위)-2510']
2026-01-08 16:48:28,489 INFO - sql_str=select * from tb_pole where groupname=%s; data=['청도지사-2511']
2026-01-08 16:48:28,608 INFO - sql_str=select * from tb_pole where groupname=%s; data=['충북단양-202409']
2026-01-08 16:48:28,656 INFO - sql_str=select * from tb_pole where groupname=%s; data=['충북동청주-202409']
2026-01-08 16:48:28,830 INFO - sql_str=select * from tb_pole where groupname=%s; data=['충북보은-202409']
2026-01-08 16:48:29,016 INFO - sql_str=select * from tb_pole where groupname=%s; data=['충북본부직할-2512']
2026-01-08 16:48:29,201 INFO - sql_str=select * from tb_pole where groupname=%s; data=['충북영동-202409']
2026-01-08 16:48:29,356 INFO - sql_str=select * from tb_pole where groupname=%s; data=['충북옥천-202409']
2026-01-08 16:48:29,548 INFO - sql_str=select * from tb_pole where groupname=%s; data=['충북음성-202409']
2026-01-08 16:48:29,729 INFO - sql_str=select * from tb_pole where groupname=%s; data=['충북제천-202409']
2026-01-08 16:48:29,891 INFO - sql_str=select * from tb_pole where groupname=%s; data=['충북증평괴산-202409']
2026-01-08 16:48:30,064 INFO - sql_str=select * from tb_pole where groupname=%s; data=['충북직할-202409']
2026-01-08 16:48:30,217 INFO - sql_str=select * from tb_pole where groupname=%s; data=['충북진천-202409']
2026-01-08 16:48:30,418 INFO - sql_str=select * from tb_pole where groupname=%s; data=['충북충주-202409']
2026-01-08 16:48:30,593 INFO - sql_str=select * from tb_pole where groupname=%s; data=['충주지사-2512']
2026-01-08 16:48:30,744 INFO - sql_str=select * from tb_pole where groupname=%s; data=['칠곡지사-2511']
2026-01-08 16:48:31,017 INFO - sql_str=select * from tb_pole where groupname=%s; data=['태안지사-2505']
2026-01-08 16:48:31,339 INFO - sql_str=select * from tb_pole where groupname=%s; data=['파주지사-2503']
2026-01-08 16:48:31,638 INFO - sql_str=select * from tb_pole where groupname=%s; data=['파주지사-2506']
2026-01-08 16:48:31,806 INFO - sql_str=select * from tb_pole where groupname=%s; data=['평택지사-2506']
2026-01-08 16:48:32,163 INFO - sql_str=select * from tb_pole where groupname=%s; data=['평택지사-2508']
2026-01-08 16:48:32,336 INFO - sql_str=select * from tb_pole where groupname=%s; data=['포항지사-2511']
2026-01-08 16:48:32,494 INFO - sql_str=select * from tb_pole where groupname=%s; data=['하동3권역-2505']
2026-01-08 16:48:32,688 INFO - sql_str=select * from tb_pole where groupname=%s; data=['하동지사-2511']
2026-01-08 16:48:32,826 INFO - sql_str=select * from tb_pole where groupname=%s; data=['함안의령4권역-2505']
2026-01-08 16:48:33,037 INFO - sql_str=select * from tb_pole where groupname=%s; data=['함양지사-2511']
2026-01-08 16:48:33,213 INFO - sql_str=select * from tb_pole where groupname=%s; data=['합천지사-2511']
2026-01-08 16:48:33,435 INFO - sql_str=select * from tb_pole where groupname=%s; data=['홍성지사-2504']
2026-01-08 16:48:33,980 INFO - sql_str=select * from tb_pole where groupname=%s; data=['홍성지사2-2504']
2026-01-08 16:48:36,530 INFO - mysql) host=smartpole-kh.iptime.org db_name=polediagdb port=33306
2026-01-08 16:48:36,530 INFO - sql_str=SELECT DISTINCT groupname FROM tb_anal_state WHERE groupname IS NOT NULL ORDER BY groupname
2026-01-08 16:48:36,541 INFO - sql_str=select * from tb_pole where groupname=%s; data=['경남마산-202407']
2026-01-08 16:48:36,563 INFO - sql_str=select * from tb_pole where groupname=%s; data=['경남밀양-202407']
2026-01-08 16:48:36,589 INFO - sql_str=select * from tb_pole where groupname=%s; data=['경남사천-202407']
2026-01-08 16:48:36,708 INFO - sql_str=select * from tb_pole where groupname=%s; data=['경남직할-202407']
2026-01-08 16:48:36,730 INFO - sql_str=select * from tb_pole where groupname=%s; data=['경남진주-202407']
2026-01-08 16:48:36,756 INFO - sql_str=select * from tb_pole where groupname=%s; data=['경남진해-202407']
2026-01-08 16:48:36,779 INFO - sql_str=select * from tb_pole where groupname=%s; data=['경남창녕-202407']
2026-01-08 16:48:36,802 INFO - sql_str=select * from tb_pole where groupname=%s; data=['경남하동-202408']
2026-01-08 16:48:36,825 INFO - sql_str=select * from tb_pole where groupname=%s; data=['경남함안-202407']
2026-01-08 16:48:36,848 INFO - sql_str=select * from tb_pole where groupname=%s; data=['경남합천-202408']
2026-01-08 16:48:36,871 INFO - sql_str=select * from tb_pole where groupname=%s; data=['인천남인천-202407']
2026-01-08 16:48:36,926 INFO - sql_str=select * from tb_pole where groupname=%s; data=['인천부천-202407']
2026-01-08 16:48:36,974 INFO - sql_str=select * from tb_pole where groupname=%s; data=['인천시흥-202407']
2026-01-08 16:48:37,020 INFO - sql_str=select * from tb_pole where groupname=%s; data=['인천영종-202407']
2026-01-08 16:48:37,067 INFO - sql_str=select * from tb_pole where groupname=%s; data=['인천제물포-202407']
2026-01-08 16:48:37,117 INFO - sql_str=select * from tb_pole where groupname=%s; data=['인천직할-202407']
2026-01-08 16:48:43,261 ERROR - Failed to connect to database: (2003, "Can't connect to MySQL server on 'smartpole-jt.iptime.org' ([Errno 51] Network is unreachable)")
2026-01-08 16:48:43,262 INFO - sql_str=SELECT DISTINCT groupname FROM tb_anal_state WHERE groupname IS NOT NULL ORDER BY groupname
2026-01-08 16:48:43,262 ERROR - 'NoneType' object has no attribute 'cursor'
2026-01-08 16:50:45,010 ERROR - Failed to connect to database: (2003, "Can't connect to MySQL server on '210.105.85.3' (timed out)")
2026-01-08 16:50:45,012 INFO - select now()
2026-01-08 16:50:45,247 INFO - mysql) host=smartpole-is.iptime.org db_name=polediagdb port=33306
2026-01-08 16:50:45,248 INFO - select now()
2026-01-08 16:50:45,271 INFO - [DB] ping success
2026-01-08 16:50:45,300 INFO - sql_str=SELECT DISTINCT groupname FROM tb_anal_state WHERE groupname IS NOT NULL ORDER BY groupname
2026-01-08 16:50:45,484 INFO - mysql) host=smartpole-kh.iptime.org db_name=polediagdb port=33306
2026-01-08 16:50:45,484 INFO - select now()
2026-01-08 16:50:45,507 INFO - [DB] ping success
2026-01-08 16:50:45,521 INFO - sql_str=SELECT DISTINCT groupname FROM tb_anal_state WHERE groupname IS NOT NULL ORDER BY groupname
2026-01-08 16:50:51,615 ERROR - Failed to connect to database: (2003, "Can't connect to MySQL server on 'smartpole-jt.iptime.org' ([Errno 51] Network is unreachable)")
2026-01-08 16:50:51,615 INFO - select now()
2026-01-08 16:58:44,778 ERROR - Failed to connect to database: (2003, "Can't connect to MySQL server on '210.105.85.3' (timed out)")
2026-01-08 16:58:44,780 INFO - select now()
2026-01-09 18:06:09,732 ERROR - Failed to connect to database: (2003, "Can't connect to MySQL server on '210.105.85.3' (timed out)")
2026-01-09 18:06:09,732 ERROR - 'NoneType' object has no attribute 'cursor'
2026-01-09 18:06:09,948 INFO - mysql) host=smartpole-is.iptime.org db_name=polediagdb port=33306
2026-01-09 18:06:41,701 INFO - mysql) host=smartpole-kh.iptime.org db_name=polediagdb port=33306
2026-01-09 18:06:51,850 ERROR - Failed to connect to database: (2003, "Can't connect to MySQL server on 'smartpole-jt.iptime.org' ([Errno 51] Network is unreachable)")
2026-01-09 18:06:51,851 ERROR - 'NoneType' object has no attribute 'cursor'
2026-01-09 18:08:38,783 INFO - mysql) host=smartpole-is.iptime.org db_name=polediagdb port=33306
2026-01-09 18:08:38,930 INFO - mysql) host=smartpole-is.iptime.org db_name=polediagdb port=33306
2026-01-09 18:09:08,231 INFO - mysql) host=smartpole-kh.iptime.org db_name=polediagdb port=33306
2026-01-09 18:09:09,998 INFO - mysql) host=smartpole-kh.iptime.org db_name=polediagdb port=33306
2026-01-09 18:17:23,145 ERROR - Failed to connect to database: (2003, "Can't connect to MySQL server on '210.105.85.3' (timed out)")
2026-01-09 18:17:23,146 INFO - select now()
2026-01-09 18:17:23,342 INFO - mysql) host=smartpole-is.iptime.org db_name=polediagdb port=33306
2026-01-09 18:17:23,343 INFO - select now()
2026-01-09 18:17:23,360 INFO - [DB] ping success
2026-01-09 18:17:23,548 INFO - mysql) host=smartpole-kh.iptime.org db_name=polediagdb port=33306
2026-01-09 18:17:23,549 INFO - select now()
2026-01-09 18:17:23,570 INFO - [DB] ping success
2026-01-09 18:25:16,230 INFO - mysql) host=smartpole-is.iptime.org db_name=polediagdb port=33306
2026-01-09 18:27:37,474 INFO - mysql) host=smartpole-is.iptime.org db_name=polediagdb port=33306
2026-01-09 18:53:43,521 INFO - mysql) host=smartpole-kh.iptime.org db_name=polediagdb port=33306
2026-01-09 18:54:33,669 INFO - mysql) host=smartpole-is.iptime.org db_name=polediagdb port=33306
2026-01-09 20:08:28,870 ERROR - Failed to connect to database: (2003, "Can't connect to MySQL server on '210.105.85.3' (timed out)")
2026-01-09 20:13:55,242 WARNING - Matplotlib is building the font cache; this may take a moment.
2026-01-09 20:14:02,893 INFO - Failed to extract font properties from /System/Library/Fonts/LastResort.otf: tuple indices must be integers or slices, not str
2026-01-09 20:14:02,909 INFO - Failed to extract font properties from /System/Library/Fonts/Supplemental/NISC18030.ttf: In FT2Font: Could not set the fontsize (invalid pixel size; error code 0x17)
2026-01-09 20:14:02,917 INFO - Failed to extract font properties from /System/Library/Fonts/Apple Color Emoji.ttc: In FT2Font: Could not set the fontsize (invalid pixel size; error code 0x17)
2026-01-09 20:14:02,980 INFO - Failed to extract font properties from /System/Library/PrivateFrameworks/FontServices.framework/Resources/Reserved/PingFangUI.ttc: In FT2Font: Can not load face (locations (loca) table missing; error code 0x90)
2026-01-09 20:14:03,072 INFO - Failed to extract font properties from /System/Library/Fonts/SFIndia.ttc: In FT2Font: Can not load face (SFNT font table missing; error code 0x8e)
2026-01-09 20:14:03,091 INFO - generated new fontManager
